<?xml version="1.0" encoding="UTF-8"?>
<!-- Generated by org.testng.reporters.JUnitXMLReporter -->
<testsuite ignored="1" hostname="DESKTOP-OBP08OP" failures="0" tests="2" name="Default test" time="4.376" errors="0" timestamp="2025-05-25T23:34:33 GMT+03:00">
  <testcase classname="SQL.TestCaseSQL.DataBase" name="UpdetDataBase" time="0.02"/>
  <testcase classname="SQL.TestCaseSQL.DataBase" name="ReadtDataBase" time="0.14"/>
  <testcase classname="SQL.TestCaseSQL.DataBase" name="InsertTheDataBase" time="0.0">
    <ignored/>
  </testcase> <!-- InsertTheDataBase -->
</testsuite> <!-- Default test -->
